<?xml version="1.0"?>
<!DOCTYPE coverage SYSTEM "http://cobertura.sourceforge.net/xml/coverage-04.dtd">

<coverage line-rate="0.7622377622377622" branch-rate="0.6904761904761905" lines-covered="109" lines-valid="143" branches-covered="29" branches-valid="42" complexity="1.8181818181818181" version="1.9.4.1" timestamp="1336320431188">
	<sources>
		<source>/Users/simonetripodi/Documents/workspace/gspi/src/main/java</source>
		<source>--source</source>
	</sources>
	<packages>
		<package name="org.nnsoft.guice.gspi" line-rate="0.7622377622377622" branch-rate="0.6904761904761905" complexity="1.9230769230769231">
			<classes>
				<class name="org.nnsoft.guice.gspi.AbstractServiceClassIterator" filename="org/nnsoft/guice/gspi/AbstractServiceClassIterator.java" line-rate="0.75" branch-rate="0.8333333333333334" complexity="3.6666666666666665">
					<methods>
						<method name="&lt;init&gt;" signature="(Ljava/lang/Class;Ljava/lang/ClassLoader;)V" line-rate="1.0" branch-rate="1.0">
							<lines>
								<line number="48" hits="6" branch="false"/>
								<line number="53" hits="6" branch="false"/>
								<line number="62" hits="6" branch="false"/>
								<line number="63" hits="6" branch="false"/>
								<line number="64" hits="6" branch="false"/>
								<line number="65" hits="6" branch="false"/>
							</lines>
						</method>
						<method name="hasNext" signature="()Z" line-rate="1.0" branch-rate="1.0">
							<lines>
								<line number="73" hits="20" branch="true" condition-coverage="100% (2/2)">
									<conditions>
										<condition number="0" type="jump" coverage="100%"/>
									</conditions>
								</line>
								<line number="75" hits="8" branch="false"/>
								<line number="78" hits="18" branch="true" condition-coverage="100% (4/4)">
									<conditions>
										<condition number="0" type="jump" coverage="100%"/>
										<condition number="1" type="jump" coverage="100%"/>
									</conditions>
								</line>
								<line number="80" hits="10" branch="true" condition-coverage="100% (2/2)">
									<conditions>
										<condition number="0" type="jump" coverage="100%"/>
									</conditions>
								</line>
								<line number="82" hits="4" branch="false"/>
								<line number="84" hits="6" branch="false"/>
								<line number="87" hits="8" branch="false"/>
								<line number="88" hits="8" branch="false"/>
							</lines>
						</method>
						<method name="next" signature="()Ljava/lang/Class;" line-rate="0.5" branch-rate="0.5">
							<lines>
								<line number="111" hits="8" branch="true" condition-coverage="50% (1/2)">
									<conditions>
										<condition number="0" type="jump" coverage="50%"/>
									</conditions>
								</line>
								<line number="113" hits="0" branch="false"/>
								<line number="115" hits="8" branch="false"/>
								<line number="116" hits="8" branch="false"/>
								<line number="119" hits="8" branch="false"/>
								<line number="120" hits="8" branch="true" condition-coverage="50% (1/2)">
									<conditions>
										<condition number="0" type="jump" coverage="50%"/>
									</conditions>
								</line>
								<line number="122" hits="0" branch="false"/>
								<line number="125" hits="8" branch="false"/>
								<line number="127" hits="0" branch="false"/>
								<line number="129" hits="0" branch="false"/>
								<line number="131" hits="0" branch="false"/>
								<line number="133" hits="0" branch="false"/>
							</lines>
						</method>
						<method name="next" signature="()Ljava/lang/Object;" line-rate="1.0" branch-rate="1.0">
							<lines>
								<line number="31" hits="8" branch="false"/>
							</lines>
						</method>
						<method name="remove" signature="()V" line-rate="0.0" branch-rate="1.0">
							<lines>
								<line number="144" hits="0" branch="false"/>
							</lines>
						</method>
					</methods>
					<lines>
						<line number="31" hits="8" branch="false"/>
						<line number="48" hits="6" branch="false"/>
						<line number="53" hits="6" branch="false"/>
						<line number="62" hits="6" branch="false"/>
						<line number="63" hits="6" branch="false"/>
						<line number="64" hits="6" branch="false"/>
						<line number="65" hits="6" branch="false"/>
						<line number="73" hits="20" branch="true" condition-coverage="100% (2/2)">
							<conditions>
								<condition number="0" type="jump" coverage="100%"/>
							</conditions>
						</line>
						<line number="75" hits="8" branch="false"/>
						<line number="78" hits="18" branch="true" condition-coverage="100% (4/4)">
							<conditions>
								<condition number="0" type="jump" coverage="100%"/>
								<condition number="1" type="jump" coverage="100%"/>
							</conditions>
						</line>
						<line number="80" hits="10" branch="true" condition-coverage="100% (2/2)">
							<conditions>
								<condition number="0" type="jump" coverage="100%"/>
							</conditions>
						</line>
						<line number="82" hits="4" branch="false"/>
						<line number="84" hits="6" branch="false"/>
						<line number="87" hits="8" branch="false"/>
						<line number="88" hits="8" branch="false"/>
						<line number="111" hits="8" branch="true" condition-coverage="50% (1/2)">
							<conditions>
								<condition number="0" type="jump" coverage="50%"/>
							</conditions>
						</line>
						<line number="113" hits="0" branch="false"/>
						<line number="115" hits="8" branch="false"/>
						<line number="116" hits="8" branch="false"/>
						<line number="119" hits="8" branch="false"/>
						<line number="120" hits="8" branch="true" condition-coverage="50% (1/2)">
							<conditions>
								<condition number="0" type="jump" coverage="50%"/>
							</conditions>
						</line>
						<line number="122" hits="0" branch="false"/>
						<line number="125" hits="8" branch="false"/>
						<line number="127" hits="0" branch="false"/>
						<line number="129" hits="0" branch="false"/>
						<line number="131" hits="0" branch="false"/>
						<line number="133" hits="0" branch="false"/>
						<line number="144" hits="0" branch="false"/>
					</lines>
				</class>
				<class name="org.nnsoft.guice.gspi.GuiceServiceLoader" filename="org/nnsoft/guice/gspi/GuiceServiceLoader.java" line-rate="0.5" branch-rate="1.0" complexity="1.4444444444444444">
					<methods>
						<method name="&lt;init&gt;" signature="()V" line-rate="0.0" branch-rate="1.0">
							<lines>
								<line number="32" hits="0" branch="false"/>
								<line number="91" hits="0" branch="false"/>
							</lines>
						</method>
						<method name="loadInstalledModules" signature="()Ljava/lang/Iterable;" line-rate="0.0" branch-rate="1.0">
							<lines>
								<line number="63" hits="0" branch="false"/>
							</lines>
						</method>
						<method name="loadModules" signature="()Ljava/lang/Iterable;" line-rate="1.0" branch-rate="1.0">
							<lines>
								<line number="42" hits="2" branch="false"/>
							</lines>
						</method>
						<method name="loadModules" signature="(Ljava/lang/ClassLoader;)Ljava/lang/Iterable;" line-rate="1.0" branch-rate="1.0">
							<lines>
								<line number="53" hits="2" branch="false"/>
							</lines>
						</method>
						<method name="wrap" signature="(Ljava/util/Iterator;)Ljava/lang/Iterable;" line-rate="1.0" branch-rate="1.0">
							<lines>
								<line number="74" hits="2" branch="false"/>
							</lines>
						</method>
					</methods>
					<lines>
						<line number="32" hits="0" branch="false"/>
						<line number="42" hits="2" branch="false"/>
						<line number="53" hits="2" branch="false"/>
						<line number="63" hits="0" branch="false"/>
						<line number="74" hits="2" branch="false"/>
						<line number="91" hits="0" branch="false"/>
					</lines>
				</class>
				<class name="org.nnsoft.guice.gspi.GuiceServiceLoader$1" filename="org/nnsoft/guice/gspi/GuiceServiceLoader.java" line-rate="1.0" branch-rate="1.0" complexity="1.4444444444444444">
					<methods>
						<method name="&lt;init&gt;" signature="(Ljava/util/Iterator;)V" line-rate="1.0" branch-rate="1.0">
							<lines>
								<line number="75" hits="2" branch="false"/>
							</lines>
						</method>
						<method name="iterator" signature="()Ljava/util/Iterator;" line-rate="1.0" branch-rate="1.0">
							<lines>
								<line number="82" hits="2" branch="false"/>
							</lines>
						</method>
					</methods>
					<lines>
						<line number="75" hits="2" branch="false"/>
						<line number="82" hits="2" branch="false"/>
					</lines>
				</class>
				<class name="org.nnsoft.guice.gspi.GuiceServiceLoader$ModulesIterator" filename="org/nnsoft/guice/gspi/GuiceServiceLoader.java" line-rate="0.7" branch-rate="1.0" complexity="1.4444444444444444">
					<methods>
						<method name="&lt;init&gt;" signature="(Ljava/util/Iterator;)V" line-rate="1.0" branch-rate="1.0">
							<lines>
								<line number="107" hits="2" branch="false"/>
								<line number="108" hits="2" branch="false"/>
								<line number="109" hits="2" branch="false"/>
							</lines>
						</method>
						<method name="hasNext" signature="()Z" line-rate="1.0" branch-rate="1.0">
							<lines>
								<line number="116" hits="4" branch="false"/>
							</lines>
						</method>
						<method name="next" signature="()Lcom/google/inject/Module;" line-rate="0.5" branch-rate="1.0">
							<lines>
								<line number="124" hits="2" branch="false"/>
								<line number="127" hits="2" branch="false"/>
								<line number="129" hits="0" branch="false"/>
								<line number="131" hits="0" branch="false"/>
							</lines>
						</method>
						<method name="next" signature="()Ljava/lang/Object;" line-rate="1.0" branch-rate="1.0">
							<lines>
								<line number="91" hits="2" branch="false"/>
							</lines>
						</method>
						<method name="remove" signature="()V" line-rate="0.0" branch-rate="1.0">
							<lines>
								<line number="141" hits="0" branch="false"/>
							</lines>
						</method>
					</methods>
					<lines>
						<line number="91" hits="2" branch="false"/>
						<line number="107" hits="2" branch="false"/>
						<line number="108" hits="2" branch="false"/>
						<line number="109" hits="2" branch="false"/>
						<line number="116" hits="4" branch="false"/>
						<line number="124" hits="2" branch="false"/>
						<line number="127" hits="2" branch="false"/>
						<line number="129" hits="0" branch="false"/>
						<line number="131" hits="0" branch="false"/>
						<line number="141" hits="0" branch="false"/>
					</lines>
				</class>
				<class name="org.nnsoft.guice.gspi.PropertyServiceClassIterator" filename="org/nnsoft/guice/gspi/PropertyServiceClassIterator.java" line-rate="1.0" branch-rate="1.0" complexity="1.1666666666666667">
					<methods>
						<method name="&lt;init&gt;" signature="(Ljava/lang/Class;Ljava/lang/ClassLoader;Ljava/lang/String;)V" line-rate="1.0" branch-rate="1.0">
							<lines>
								<line number="44" hits="2" branch="false"/>
								<line number="55" hits="2" branch="false"/>
								<line number="56" hits="2" branch="false"/>
								<line number="57" hits="2" branch="false"/>
							</lines>
						</method>
						<method name="access$000" signature="(Lorg/nnsoft/guice/gspi/PropertyServiceClassIterator;)Ljava/lang/String;" line-rate="1.0" branch-rate="1.0">
							<lines>
								<line number="27" hits="2" branch="false"/>
							</lines>
						</method>
						<method name="getPendingNames" signature="()Ljava/util/Iterator;" line-rate="1.0" branch-rate="1.0">
							<lines>
								<line number="74" hits="2" branch="false"/>
								<line number="75" hits="2" branch="false"/>
							</lines>
						</method>
						<method name="hasMorePendingNames" signature="()Z" line-rate="1.0" branch-rate="1.0">
							<lines>
								<line number="65" hits="4" branch="true" condition-coverage="100% (2/2)">
									<conditions>
										<condition number="0" type="jump" coverage="100%"/>
									</conditions>
								</line>
							</lines>
						</method>
					</methods>
					<lines>
						<line number="27" hits="2" branch="false"/>
						<line number="44" hits="2" branch="false"/>
						<line number="55" hits="2" branch="false"/>
						<line number="56" hits="2" branch="false"/>
						<line number="57" hits="2" branch="false"/>
						<line number="65" hits="4" branch="true" condition-coverage="100% (2/2)">
							<conditions>
								<condition number="0" type="jump" coverage="100%"/>
							</conditions>
						</line>
						<line number="74" hits="2" branch="false"/>
						<line number="75" hits="2" branch="false"/>
					</lines>
				</class>
				<class name="org.nnsoft.guice.gspi.PropertyServiceClassIterator$1" filename="org/nnsoft/guice/gspi/PropertyServiceClassIterator.java" line-rate="0.8" branch-rate="1.0" complexity="1.1666666666666667">
					<methods>
						<method name="&lt;init&gt;" signature="(Lorg/nnsoft/guice/gspi/PropertyServiceClassIterator;)V" line-rate="1.0" branch-rate="1.0">
							<lines>
								<line number="78" hits="2" branch="false"/>
							</lines>
						</method>
						<method name="hasNext" signature="()Z" line-rate="1.0" branch-rate="1.0">
							<lines>
								<line number="83" hits="6" branch="false"/>
							</lines>
						</method>
						<method name="next" signature="()Ljava/lang/Object;" line-rate="1.0" branch-rate="1.0">
							<lines>
								<line number="76" hits="6" branch="false"/>
							</lines>
						</method>
						<method name="next" signature="()Ljava/lang/String;" line-rate="1.0" branch-rate="1.0">
							<lines>
								<line number="89" hits="4" branch="false"/>
							</lines>
						</method>
						<method name="remove" signature="()V" line-rate="0.0" branch-rate="1.0">
							<lines>
								<line number="95" hits="0" branch="false"/>
							</lines>
						</method>
					</methods>
					<lines>
						<line number="76" hits="6" branch="false"/>
						<line number="78" hits="2" branch="false"/>
						<line number="83" hits="6" branch="false"/>
						<line number="89" hits="4" branch="false"/>
						<line number="95" hits="0" branch="false"/>
					</lines>
				</class>
				<class name="org.nnsoft.guice.gspi.ServiceLoader" filename="org/nnsoft/guice/gspi/ServiceLoader.java" line-rate="0.5833333333333334" branch-rate="0.5" complexity="1.6666666666666667">
					<methods>
						<method name="&lt;init&gt;" signature="(Ljava/lang/Class;Ljava/lang/ClassLoader;)V" line-rate="0.8333333333333334" branch-rate="1.0">
							<lines>
								<line number="108" hits="6" branch="false"/>
								<line number="109" hits="6" branch="false"/>
								<line number="111" hits="6" branch="false"/>
								<line number="113" hits="6" branch="true" condition-coverage="100% (2/2)">
									<conditions>
										<condition number="0" type="jump" coverage="100%"/>
									</conditions>
								</line>
								<line number="115" hits="2" branch="false"/>
								<line number="119" hits="4" branch="false"/>
								<line number="122" hits="4" branch="false"/>
								<line number="123" hits="4" branch="false"/>
								<line number="125" hits="0" branch="false"/>
								<line number="127" hits="0" branch="false"/>
								<line number="129" hits="4" branch="false"/>
								<line number="131" hits="6" branch="false"/>
							</lines>
						</method>
						<method name="iterator" signature="()Ljava/util/Iterator;" line-rate="1.0" branch-rate="1.0">
							<lines>
								<line number="140" hits="6" branch="false"/>
							</lines>
						</method>
						<method name="load" signature="(Ljava/lang/Class;)Lorg/nnsoft/guice/gspi/ServiceLoader;" line-rate="0.0" branch-rate="1.0">
							<lines>
								<line number="53" hits="0" branch="false"/>
							</lines>
						</method>
						<method name="load" signature="(Ljava/lang/Class;Ljava/lang/ClassLoader;)Lorg/nnsoft/guice/gspi/ServiceLoader;" line-rate="1.0" branch-rate="0.5">
							<lines>
								<line number="66" hits="6" branch="true" condition-coverage="50% (1/2)">
									<conditions>
										<condition number="0" type="jump" coverage="50%"/>
									</conditions>
								</line>
								<line number="67" hits="6" branch="true" condition-coverage="50% (1/2)">
									<conditions>
										<condition number="0" type="jump" coverage="50%"/>
									</conditions>
								</line>
								<line number="69" hits="6" branch="false"/>
							</lines>
						</method>
						<method name="loadInstalled" signature="(Ljava/lang/Class;)Lorg/nnsoft/guice/gspi/ServiceLoader;" line-rate="0.0" branch-rate="0.0">
							<lines>
								<line number="81" hits="0" branch="false"/>
								<line number="82" hits="0" branch="false"/>
								<line number="83" hits="0" branch="true" condition-coverage="0% (0/2)">
									<conditions>
										<condition number="0" type="jump" coverage="0%"/>
									</conditions>
								</line>
								<line number="85" hits="0" branch="false"/>
								<line number="86" hits="0" branch="false"/>
								<line number="88" hits="0" branch="false"/>
							</lines>
						</method>
						<method name="toString" signature="()Ljava/lang/String;" line-rate="0.0" branch-rate="1.0">
							<lines>
								<line number="149" hits="0" branch="false"/>
							</lines>
						</method>
					</methods>
					<lines>
						<line number="53" hits="0" branch="false"/>
						<line number="66" hits="6" branch="true" condition-coverage="50% (1/2)">
							<conditions>
								<condition number="0" type="jump" coverage="50%"/>
							</conditions>
						</line>
						<line number="67" hits="6" branch="true" condition-coverage="50% (1/2)">
							<conditions>
								<condition number="0" type="jump" coverage="50%"/>
							</conditions>
						</line>
						<line number="69" hits="6" branch="false"/>
						<line number="81" hits="0" branch="false"/>
						<line number="82" hits="0" branch="false"/>
						<line number="83" hits="0" branch="true" condition-coverage="0% (0/2)">
							<conditions>
								<condition number="0" type="jump" coverage="0%"/>
							</conditions>
						</line>
						<line number="85" hits="0" branch="false"/>
						<line number="86" hits="0" branch="false"/>
						<line number="88" hits="0" branch="false"/>
						<line number="108" hits="6" branch="false"/>
						<line number="109" hits="6" branch="false"/>
						<line number="111" hits="6" branch="false"/>
						<line number="113" hits="6" branch="true" condition-coverage="100% (2/2)">
							<conditions>
								<condition number="0" type="jump" coverage="100%"/>
							</conditions>
						</line>
						<line number="115" hits="2" branch="false"/>
						<line number="119" hits="4" branch="false"/>
						<line number="122" hits="4" branch="false"/>
						<line number="123" hits="4" branch="false"/>
						<line number="125" hits="0" branch="false"/>
						<line number="127" hits="0" branch="false"/>
						<line number="129" hits="4" branch="false"/>
						<line number="131" hits="6" branch="false"/>
						<line number="140" hits="6" branch="false"/>
						<line number="149" hits="0" branch="false"/>
					</lines>
				</class>
				<class name="org.nnsoft.guice.gspi.ServiceLoaderModule" filename="org/nnsoft/guice/gspi/ServiceLoaderModule.java" line-rate="1.0" branch-rate="0.5" complexity="1.7142857142857142">
					<methods>
						<method name="&lt;init&gt;" signature="()V" line-rate="1.0" branch-rate="1.0">
							<lines>
								<line number="43" hits="4" branch="false"/>
								<line number="64" hits="4" branch="false"/>
							</lines>
						</method>
						<method name="bindService" signature="(Ljava/lang/Class;)Lorg/nnsoft/guice/gspi/binder/FromClassLoaderBuilder;" line-rate="1.0" branch-rate="0.5">
							<lines>
								<line number="55" hits="4" branch="true" condition-coverage="50% (1/2)">
									<conditions>
										<condition number="0" type="jump" coverage="50%"/>
									</conditions>
								</line>
								<line number="56" hits="4" branch="false"/>
							</lines>
						</method>
					</methods>
					<lines>
						<line number="43" hits="4" branch="false"/>
						<line number="55" hits="4" branch="true" condition-coverage="50% (1/2)">
							<conditions>
								<condition number="0" type="jump" coverage="50%"/>
							</conditions>
						</line>
						<line number="56" hits="4" branch="false"/>
						<line number="64" hits="4" branch="false"/>
					</lines>
				</class>
				<class name="org.nnsoft.guice.gspi.ServiceLoaderModule$DefaultServiceBuilder" filename="org/nnsoft/guice/gspi/ServiceLoaderModule.java" line-rate="0.7037037037037037" branch-rate="0.5" complexity="1.7142857142857142">
					<methods>
						<method name="&lt;init&gt;" signature="(Ljava/lang/Class;Lcom/google/inject/Binder;)V" line-rate="1.0" branch-rate="1.0">
							<lines>
								<line number="77" hits="4" branch="false"/>
								<line number="78" hits="4" branch="false"/>
								<line number="79" hits="4" branch="false"/>
								<line number="81" hits="4" branch="false"/>
								<line number="82" hits="4" branch="false"/>
								<line number="83" hits="4" branch="false"/>
							</lines>
						</method>
						<method name="annotatedWith" signature="(Ljava/lang/Class;)Lorg/nnsoft/guice/gspi/binder/ServiceBuilder;" line-rate="0.0" branch-rate="1.0">
							<lines>
								<line number="90" hits="0" branch="false"/>
								<line number="91" hits="0" branch="false"/>
							</lines>
						</method>
						<method name="annotatedWith" signature="(Ljava/lang/annotation/Annotation;)Lorg/nnsoft/guice/gspi/binder/ServiceBuilder;" line-rate="1.0" branch-rate="1.0">
							<lines>
								<line number="99" hits="2" branch="false"/>
								<line number="100" hits="2" branch="false"/>
							</lines>
						</method>
						<method name="fromClassLoader" signature="(Ljava/lang/ClassLoader;)Lorg/nnsoft/guice/gspi/binder/AnnotatedServiceBuilder;" line-rate="0.0" branch-rate="0.0">
							<lines>
								<line number="108" hits="0" branch="true" condition-coverage="0% (0/2)">
									<conditions>
										<condition number="0" type="jump" coverage="0%"/>
									</conditions>
								</line>
								<line number="110" hits="0" branch="false"/>
								<line number="111" hits="0" branch="false"/>
							</lines>
						</method>
						<method name="loadingAllServices" signature="()V" line-rate="0.7777777777777778" branch-rate="0.6666666666666666">
							<lines>
								<line number="134" hits="2" branch="true" condition-coverage="50% (1/2)">
									<conditions>
										<condition number="0" type="jump" coverage="50%"/>
									</conditions>
								</line>
								<line number="136" hits="0" branch="false"/>
								<line number="138" hits="2" branch="true" condition-coverage="50% (1/2)">
									<conditions>
										<condition number="0" type="jump" coverage="50%"/>
									</conditions>
								</line>
								<line number="140" hits="0" branch="false"/>
								<line number="144" hits="2" branch="false"/>
								<line number="147" hits="2" branch="false"/>
								<line number="148" hits="6" branch="true" condition-coverage="100% (2/2)">
									<conditions>
										<condition number="0" type="jump" coverage="100%"/>
									</conditions>
								</line>
								<line number="150" hits="4" branch="false"/>
								<line number="152" hits="2" branch="false"/>
							</lines>
						</method>
						<method name="loadingFirstService" signature="()V" line-rate="0.8" branch-rate="0.5">
							<lines>
								<line number="119" hits="2" branch="false"/>
								<line number="120" hits="2" branch="true" condition-coverage="50% (1/2)">
									<conditions>
										<condition number="0" type="jump" coverage="50%"/>
									</conditions>
								</line>
								<line number="122" hits="0" branch="false"/>
								<line number="124" hits="2" branch="false"/>
								<line number="125" hits="2" branch="false"/>
							</lines>
						</method>
					</methods>
					<lines>
						<line number="77" hits="4" branch="false"/>
						<line number="78" hits="4" branch="false"/>
						<line number="79" hits="4" branch="false"/>
						<line number="81" hits="4" branch="false"/>
						<line number="82" hits="4" branch="false"/>
						<line number="83" hits="4" branch="false"/>
						<line number="90" hits="0" branch="false"/>
						<line number="91" hits="0" branch="false"/>
						<line number="99" hits="2" branch="false"/>
						<line number="100" hits="2" branch="false"/>
						<line number="108" hits="0" branch="true" condition-coverage="0% (0/2)">
							<conditions>
								<condition number="0" type="jump" coverage="0%"/>
							</conditions>
						</line>
						<line number="110" hits="0" branch="false"/>
						<line number="111" hits="0" branch="false"/>
						<line number="119" hits="2" branch="false"/>
						<line number="120" hits="2" branch="true" condition-coverage="50% (1/2)">
							<conditions>
								<condition number="0" type="jump" coverage="50%"/>
							</conditions>
						</line>
						<line number="122" hits="0" branch="false"/>
						<line number="124" hits="2" branch="false"/>
						<line number="125" hits="2" branch="false"/>
						<line number="134" hits="2" branch="true" condition-coverage="50% (1/2)">
							<conditions>
								<condition number="0" type="jump" coverage="50%"/>
							</conditions>
						</line>
						<line number="136" hits="0" branch="false"/>
						<line number="138" hits="2" branch="true" condition-coverage="50% (1/2)">
							<conditions>
								<condition number="0" type="jump" coverage="50%"/>
							</conditions>
						</line>
						<line number="140" hits="0" branch="false"/>
						<line number="144" hits="2" branch="false"/>
						<line number="147" hits="2" branch="false"/>
						<line number="148" hits="6" branch="true" condition-coverage="100% (2/2)">
							<conditions>
								<condition number="0" type="jump" coverage="100%"/>
							</conditions>
						</line>
						<line number="150" hits="4" branch="false"/>
						<line number="152" hits="2" branch="false"/>
					</lines>
				</class>
				<class name="org.nnsoft.guice.gspi.URLServiceNamesIterator" filename="org/nnsoft/guice/gspi/URLServiceNamesIterator.java" line-rate="0.9310344827586207" branch-rate="0.875" complexity="2.2">
					<methods>
						<method name="&lt;clinit&gt;" signature="()V" line-rate="1.0" branch-rate="1.0">
							<lines>
								<line number="43" hits="2" branch="false"/>
							</lines>
						</method>
						<method name="&lt;init&gt;" signature="(Ljava/lang/Class;Ljava/lang/ClassLoader;Ljava/util/Enumeration;)V" line-rate="1.0" branch-rate="1.0">
							<lines>
								<line number="58" hits="4" branch="false"/>
								<line number="59" hits="4" branch="false"/>
								<line number="60" hits="4" branch="false"/>
							</lines>
						</method>
						<method name="closeQuietly" signature="(Ljava/io/Closeable;)V" line-rate="0.8" branch-rate="0.5">
							<lines>
								<line number="143" hits="8" branch="true" condition-coverage="50% (1/2)">
									<conditions>
										<condition number="0" type="jump" coverage="50%"/>
									</conditions>
								</line>
								<line number="147" hits="8" branch="false"/>
								<line number="149" hits="0" branch="false"/>
								<line number="152" hits="8" branch="false"/>
								<line number="154" hits="8" branch="false"/>
							</lines>
						</method>
						<method name="getPendingNames" signature="()Ljava/util/Iterator;" line-rate="1.0" branch-rate="1.0">
							<lines>
								<line number="77" hits="4" branch="false"/>
							</lines>
						</method>
						<method name="hasMorePendingNames" signature="()Z" line-rate="1.0" branch-rate="1.0">
							<lines>
								<line number="68" hits="6" branch="false"/>
							</lines>
						</method>
						<method name="parseServiceFile" signature="(Ljava/net/URL;)Ljava/util/Iterator;" line-rate="0.9444444444444444" branch-rate="1.0">
							<lines>
								<line number="91" hits="4" branch="false"/>
								<line number="95" hits="4" branch="false"/>
								<line number="98" hits="4" branch="false"/>
								<line number="103" hits="116" branch="true" condition-coverage="100% (2/2)">
									<conditions>
										<condition number="0" type="jump" coverage="100%"/>
									</conditions>
								</line>
								<line number="105" hits="112" branch="false"/>
								<line number="106" hits="112" branch="true" condition-coverage="100% (2/2)">
									<conditions>
										<condition number="0" type="jump" coverage="100%"/>
									</conditions>
								</line>
								<line number="108" hits="78" branch="false"/>
								<line number="110" hits="112" branch="false"/>
								<line number="112" hits="112" branch="true" condition-coverage="100% (2/2)">
									<conditions>
										<condition number="0" type="jump" coverage="100%"/>
									</conditions>
								</line>
								<line number="114" hits="6" branch="false"/>
								<line number="116" hits="112" branch="false"/>
								<line number="120" hits="4" branch="false"/>
								<line number="121" hits="4" branch="false"/>
								<line number="125" hits="4" branch="false"/>
								<line number="126" hits="4" branch="false"/>
								<line number="128" hits="0" branch="false"/>
								<line number="131" hits="4" branch="false"/>
								<line number="133" hits="4" branch="false"/>
							</lines>
						</method>
					</methods>
					<lines>
						<line number="43" hits="2" branch="false"/>
						<line number="58" hits="4" branch="false"/>
						<line number="59" hits="4" branch="false"/>
						<line number="60" hits="4" branch="false"/>
						<line number="68" hits="6" branch="false"/>
						<line number="77" hits="4" branch="false"/>
						<line number="91" hits="4" branch="false"/>
						<line number="95" hits="4" branch="false"/>
						<line number="98" hits="4" branch="false"/>
						<line number="103" hits="116" branch="true" condition-coverage="100% (2/2)">
							<conditions>
								<condition number="0" type="jump" coverage="100%"/>
							</conditions>
						</line>
						<line number="105" hits="112" branch="false"/>
						<line number="106" hits="112" branch="true" condition-coverage="100% (2/2)">
							<conditions>
								<condition number="0" type="jump" coverage="100%"/>
							</conditions>
						</line>
						<line number="108" hits="78" branch="false"/>
						<line number="110" hits="112" branch="false"/>
						<line number="112" hits="112" branch="true" condition-coverage="100% (2/2)">
							<conditions>
								<condition number="0" type="jump" coverage="100%"/>
							</conditions>
						</line>
						<line number="114" hits="6" branch="false"/>
						<line number="116" hits="112" branch="false"/>
						<line number="120" hits="4" branch="false"/>
						<line number="121" hits="4" branch="false"/>
						<line number="125" hits="4" branch="false"/>
						<line number="126" hits="4" branch="false"/>
						<line number="128" hits="0" branch="false"/>
						<line number="131" hits="4" branch="false"/>
						<line number="133" hits="4" branch="false"/>
						<line number="143" hits="8" branch="true" condition-coverage="50% (1/2)">
							<conditions>
								<condition number="0" type="jump" coverage="50%"/>
							</conditions>
						</line>
						<line number="147" hits="8" branch="false"/>
						<line number="149" hits="0" branch="false"/>
						<line number="152" hits="8" branch="false"/>
						<line number="154" hits="8" branch="false"/>
					</lines>
				</class>
			</classes>
		</package>
		<package name="org.nnsoft.guice.gspi.binder" line-rate="1.0" branch-rate="1.0" complexity="1.0">
			<classes>
				<class name="org.nnsoft.guice.gspi.binder.AnnotatedServiceBuilder" filename="org/nnsoft/guice/gspi/binder/AnnotatedServiceBuilder.java" line-rate="1.0" branch-rate="1.0" complexity="1.0">
					<methods>
					</methods>
					<lines>
					</lines>
				</class>
				<class name="org.nnsoft.guice.gspi.binder.FromClassLoaderBuilder" filename="org/nnsoft/guice/gspi/binder/FromClassLoaderBuilder.java" line-rate="1.0" branch-rate="1.0" complexity="1.0">
					<methods>
					</methods>
					<lines>
					</lines>
				</class>
				<class name="org.nnsoft.guice.gspi.binder.ServiceBuilder" filename="org/nnsoft/guice/gspi/binder/ServiceBuilder.java" line-rate="1.0" branch-rate="1.0" complexity="1.0">
					<methods>
					</methods>
					<lines>
					</lines>
				</class>
			</classes>
		</package>
	</packages>
</coverage>
